[debug] [2020-01-12T11:11:39.221Z] ----------------------------------------------------------------------
[debug] [2020-01-12T11:11:39.223Z] Command:       /usr/bin/node /home/andrey/npm/bin/firebase init
[debug] [2020-01-12T11:11:39.223Z] CLI Version:   7.11.0
[debug] [2020-01-12T11:11:39.223Z] Platform:      linux
[debug] [2020-01-12T11:11:39.223Z] Node Version:  v11.15.0
[debug] [2020-01-12T11:11:39.224Z] Time:          Sun Jan 12 2020 13:11:39 GMT+0200 (Eastern European Standard Time)
[debug] [2020-01-12T11:11:39.224Z] ----------------------------------------------------------------------
[debug] [2020-01-12T11:11:39.224Z] 
[debug] [2020-01-12T11:11:39.230Z] > command requires scopes: ["email","openid","https://www.googleapis.com/auth/cloudplatformprojects.readonly","https://www.googleapis.com/auth/firebase","https://www.googleapis.com/auth/cloud-platform"]
[debug] [2020-01-12T11:11:39.231Z] > authorizing via signed-in user
[info] 
     ######## #### ########  ######## ########     ###     ######  ########
     ##        ##  ##     ## ##       ##     ##  ##   ##  ##       ##
     ######    ##  ########  ######   ########  #########  ######  ######
     ##        ##  ##    ##  ##       ##     ## ##     ##       ## ##
     ##       #### ##     ## ######## ########  ##     ##  ######  ########

You're about to initialize a Firebase project in this directory:

  /var/www/personal2020.loc/react-app

Before we get started, keep in mind:

  * You are currently outside your home directory

[info] 
=== Project Setup
[info] 
[info] First, let's associate this project directory with a Firebase project.
[info] You can create multiple project aliases by running firebase use --add, 
[info] but for now we'll just set up a default project.
[info] 
[debug] [2020-01-12T11:12:15.932Z] > refreshing access token with scopes: ["email","https://www.googleapis.com/auth/cloud-platform","https://www.googleapis.com/auth/cloudplatformprojects.readonly","https://www.googleapis.com/auth/firebase","openid"]
[debug] [2020-01-12T11:12:15.933Z] >>> HTTP REQUEST POST https://www.googleapis.com/oauth2/v3/token  
 <request body omitted>
[debug] [2020-01-12T11:12:16.086Z] <<< HTTP RESPONSE 400
[debug] [2020-01-12T11:12:16.088Z] >>> HTTP REQUEST GET https://firebase.googleapis.com/v1beta1/projects?pageSize=100  
 
[debug] [2020-01-12T11:12:16.247Z] <<< HTTP RESPONSE 401
[debug] [2020-01-12T11:12:16.247Z] <<< HTTP RESPONSE BODY
[debug] [2020-01-12T11:12:16.249Z] HTTP Error: 401, Request had invalid authentication credentials. Expected OAuth 2 access token, login cookie or other valid authentication credential. See https://developers.google.com/identity/sign-in/web/devconsole-project.
[debug] [2020-01-12T11:12:16.252Z] FirebaseError: HTTP Error: 401, Request had invalid authentication credentials. Expected OAuth 2 access token, login cookie or other valid authentication credential. See https://developers.google.com/identity/sign-in/web/devconsole-project.
    at module.exports (/home/andrey/npm/lib/node_modules/firebase-tools/lib/responseToError.js:38:12)
    at Request._callback (/home/andrey/npm/lib/node_modules/firebase-tools/lib/api.js:39:35)
    at Request.self.callback (/home/andrey/npm/lib/node_modules/firebase-tools/node_modules/request/request.js:185:22)
    at Request.emit (events.js:193:13)
    at Request.EventEmitter.emit (domain.js:481:20)
    at Request.<anonymous> (/home/andrey/npm/lib/node_modules/firebase-tools/node_modules/request/request.js:1161:10)
    at Request.emit (events.js:193:13)
    at Request.EventEmitter.emit (domain.js:481:20)
    at IncomingMessage.<anonymous> (/home/andrey/npm/lib/node_modules/firebase-tools/node_modules/request/request.js:1083:12)
    at Object.onceWrapper (events.js:281:20)
    at IncomingMessage.emit (events.js:198:15)
    at IncomingMessage.EventEmitter.emit (domain.js:481:20)
    at endReadableNT (_stream_readable.js:1139:12)
    at processTicksAndRejections (internal/process/task_queues.js:81:17)
[error] 
[error] Error: Failed to list Firebase projects. See firebase-debug.log for more info.
[debug] [2020-01-12T11:13:13.424Z] ----------------------------------------------------------------------
[debug] [2020-01-12T11:13:13.426Z] Command:       /usr/bin/node /home/andrey/npm/bin/firebase init
[debug] [2020-01-12T11:13:13.426Z] CLI Version:   7.11.0
[debug] [2020-01-12T11:13:13.426Z] Platform:      linux
[debug] [2020-01-12T11:13:13.426Z] Node Version:  v11.15.0
[debug] [2020-01-12T11:13:13.427Z] Time:          Sun Jan 12 2020 13:13:13 GMT+0200 (Eastern European Standard Time)
[debug] [2020-01-12T11:13:13.427Z] ----------------------------------------------------------------------
[debug] [2020-01-12T11:13:13.427Z] 
[debug] [2020-01-12T11:13:13.433Z] > command requires scopes: ["email","openid","https://www.googleapis.com/auth/cloudplatformprojects.readonly","https://www.googleapis.com/auth/firebase","https://www.googleapis.com/auth/cloud-platform"]
[debug] [2020-01-12T11:13:13.433Z] > authorizing via signed-in user
[info] 
     ######## #### ########  ######## ########     ###     ######  ########
     ##        ##  ##     ## ##       ##     ##  ##   ##  ##       ##
     ######    ##  ########  ######   ########  #########  ######  ######
     ##        ##  ##    ##  ##       ##     ## ##     ##       ## ##
     ##       #### ##     ## ######## ########  ##     ##  ######  ########

You're about to initialize a Firebase project in this directory:

  /var/www/personal2020.loc/react-app

Before we get started, keep in mind:

  * You are currently outside your home directory

[info] 
=== Project Setup
[info] 
[info] First, let's associate this project directory with a Firebase project.
[info] You can create multiple project aliases by running firebase use --add, 
[info] but for now we'll just set up a default project.
[info] 
[info] i  If you want to create a project in a Google Cloud organization or folder, please use "firebase projects:create" instead, and return to this command when you've created the project.
[debug] [2020-01-12T11:13:38.076Z] > refreshing access token with scopes: ["email","https://www.googleapis.com/auth/cloud-platform","https://www.googleapis.com/auth/cloudplatformprojects.readonly","https://www.googleapis.com/auth/firebase","openid"]
[debug] [2020-01-12T11:13:38.077Z] >>> HTTP REQUEST POST https://www.googleapis.com/oauth2/v3/token  
 <request body omitted>
[debug] [2020-01-12T11:13:38.239Z] <<< HTTP RESPONSE 400
[debug] [2020-01-12T11:13:38.240Z] >>> HTTP REQUEST POST https://cloudresourcemanager.googleapis.com/v1/projects  

[debug] [2020-01-12T11:13:39.154Z] <<< HTTP RESPONSE 401
[debug] [2020-01-12T11:13:39.154Z] <<< HTTP RESPONSE BODY
[debug] [2020-01-12T11:13:39.156Z] HTTP Error: 401, Request had invalid authentication credentials. Expected OAuth 2 access token, login cookie or other valid authentication credential. See https://developers.google.com/identity/sign-in/web/devconsole-project.
[debug] [2020-01-12T11:13:39.157Z] FirebaseError: HTTP Error: 401, Request had invalid authentication credentials. Expected OAuth 2 access token, login cookie or other valid authentication credential. See https://developers.google.com/identity/sign-in/web/devconsole-project.
    at module.exports (/home/andrey/npm/lib/node_modules/firebase-tools/lib/responseToError.js:38:12)
    at Request._callback (/home/andrey/npm/lib/node_modules/firebase-tools/lib/api.js:39:35)
    at Request.self.callback (/home/andrey/npm/lib/node_modules/firebase-tools/node_modules/request/request.js:185:22)
    at Request.emit (events.js:193:13)
    at Request.EventEmitter.emit (domain.js:481:20)
    at Request.<anonymous> (/home/andrey/npm/lib/node_modules/firebase-tools/node_modules/request/request.js:1161:10)
    at Request.emit (events.js:193:13)
    at Request.EventEmitter.emit (domain.js:481:20)
    at IncomingMessage.<anonymous> (/home/andrey/npm/lib/node_modules/firebase-tools/node_modules/request/request.js:1083:12)
    at Object.onceWrapper (events.js:281:20)
    at IncomingMessage.emit (events.js:198:15)
    at IncomingMessage.EventEmitter.emit (domain.js:481:20)
    at endReadableNT (_stream_readable.js:1139:12)
    at processTicksAndRejections (internal/process/task_queues.js:81:17)
[error] 
[error] Error: Failed to create Google Cloud project. See firebase-debug.log for more info.
